<?xml version="1.0" encoding="UTF-8"?>
<!-- Generated by org.testng.reporters.JUnitXMLReporter -->
<testsuite ignored="0" hostname="R3NRCX06F77113E" failures="0" tests="3" name="Logintestcases" time="5.579" errors="0" timestamp="2024-06-21T12:45:44 IST">
  <testcase classname="com.swaglab.login.TC01" name="tc01" time="0.234"/>
  <testcase classname="com.swaglab.login.Tc03" name="tc03" time="2.076"/>
  <testcase classname="com.swaglab.login.Tc02" name="tc01" time="0.475"/>
</testsuite> <!-- Logintestcases -->
