<?xml version="1.0" encoding="UTF-8"?>
<testng-results ignored="0" total="15" passed="14" failed="1" skipped="0">
  <reporter-output>
  </reporter-output>
  <suite started-at="2024-07-01T12:00:46 IST" name="Suite" finished-at="2024-07-01T12:01:09 IST" duration-ms="23425">
    <groups>
    </groups>
    <test started-at="2024-07-01T12:00:46 IST" name="Test" finished-at="2024-07-01T12:01:09 IST" duration-ms="23425">
      <class name="com.swaglab.Productpage.Tc01">
        <test-method is-config="true" signature="browserLaunch()[pri:0, instance:com.swaglab.Productpage.Tc01@130c12b7]" started-at="2024-07-01T12:01:02 IST" name="browserLaunch" finished-at="2024-07-01T12:01:03 IST" duration-ms="696" status="PASS">
          <reporter-output>
          </reporter-output>
        </test-method> <!-- browserLaunch -->
        <test-method signature="tc03()[pri:0, instance:com.swaglab.Productpage.Tc01@130c12b7]" started-at="2024-07-01T12:01:03 IST" name="tc03" description="The user able to view the product on the poduct page" finished-at="2024-07-01T12:01:04 IST" duration-ms="711" status="PASS">
          <reporter-output>
          </reporter-output>
        </test-method> <!-- tc03 -->
      </class> <!-- com.swaglab.Productpage.Tc01 -->
      <class name="com.swaglab.Productpage.Tc02">
        <test-method is-config="true" signature="browserLaunch()[pri:0, instance:com.swaglab.Productpage.Tc02@576d5deb]" started-at="2024-07-01T12:01:05 IST" name="browserLaunch" finished-at="2024-07-01T12:01:06 IST" duration-ms="1181" status="PASS">
          <reporter-output>
          </reporter-output>
        </test-method> <!-- browserLaunch -->
        <test-method signature="tc02()[pri:0, instance:com.swaglab.Productpage.Tc02@576d5deb]" started-at="2024-07-01T12:01:06 IST" name="tc02" description="All products should have the particular image" finished-at="2024-07-01T12:01:07 IST" duration-ms="762" status="PASS">
          <reporter-output>
          </reporter-output>
        </test-method> <!-- tc02 -->
      </class> <!-- com.swaglab.Productpage.Tc02 -->
      <class name="com.swaglab.Productpage.Tc03">
        <test-method is-config="true" signature="browserLaunch()[pri:0, instance:com.swaglab.Productpage.Tc03@272113c4]" started-at="2024-07-01T12:00:57 IST" name="browserLaunch" finished-at="2024-07-01T12:00:58 IST" duration-ms="699" status="PASS">
          <reporter-output>
          </reporter-output>
        </test-method> <!-- browserLaunch -->
        <test-method signature="tc03()[pri:0, instance:com.swaglab.Productpage.Tc03@272113c4]" started-at="2024-07-01T12:00:58 IST" name="tc03" description="All the  products should have the brand name" finished-at="2024-07-01T12:00:59 IST" duration-ms="823" status="PASS">
          <reporter-output>
          </reporter-output>
        </test-method> <!-- tc03 -->
      </class> <!-- com.swaglab.Productpage.Tc03 -->
      <class name="com.swaglab.Productpage.Tc04">
        <test-method is-config="true" signature="browserLaunch()[pri:0, instance:com.swaglab.Productpage.Tc04@242b836]" started-at="2024-07-01T12:01:00 IST" name="browserLaunch" finished-at="2024-07-01T12:01:00 IST" duration-ms="747" status="PASS">
          <reporter-output>
          </reporter-output>
        </test-method> <!-- browserLaunch -->
        <test-method signature="tc03()[pri:0, instance:com.swaglab.Productpage.Tc04@242b836]" started-at="2024-07-01T12:01:00 IST" name="tc03" description="All the  products should have the brand name" finished-at="2024-07-01T12:01:01 IST" duration-ms="820" status="PASS">
          <reporter-output>
          </reporter-output>
        </test-method> <!-- tc03 -->
      </class> <!-- com.swaglab.Productpage.Tc04 -->
      <class name="com.swaglab.login.Tc09">
        <test-method is-config="true" signature="browserLaunch()[pri:0, instance:com.swaglab.login.Tc09@783a467b]" started-at="2024-07-01T12:00:56 IST" name="browserLaunch" finished-at="2024-07-01T12:00:56 IST" duration-ms="715" status="PASS">
          <reporter-output>
          </reporter-output>
        </test-method> <!-- browserLaunch -->
        <test-method signature="tc03()[pri:0, instance:com.swaglab.login.Tc09@783a467b]" started-at="2024-07-01T12:00:56 IST" name="tc03" description="The Username placeholder should be visible after the page redirection to the web application" finished-at="2024-07-01T12:00:57 IST" duration-ms="813" status="PASS">
          <reporter-output>
          </reporter-output>
        </test-method> <!-- tc03 -->
      </class> <!-- com.swaglab.login.Tc09 -->
      <class name="com.swaglab.login.Tc08">
        <test-method is-config="true" signature="browserLaunch()[pri:0, instance:com.swaglab.login.Tc08@2d52216b]" started-at="2024-07-01T12:00:59 IST" name="browserLaunch" finished-at="2024-07-01T12:00:59 IST" duration-ms="690" status="PASS">
          <reporter-output>
          </reporter-output>
        </test-method> <!-- browserLaunch -->
        <test-method signature="tc03()[pri:0, instance:com.swaglab.login.Tc08@2d52216b]" started-at="2024-07-01T12:00:59 IST" name="tc03" description="The Username placeholder should be visible after the page redirection to the web application" finished-at="2024-07-01T12:01:00 IST" duration-ms="287" status="PASS">
          <reporter-output>
          </reporter-output>
        </test-method> <!-- tc03 -->
      </class> <!-- com.swaglab.login.Tc08 -->
      <class name="com.swaglab.login.Tc07">
        <test-method is-config="true" signature="browserLaunch()[pri:0, instance:com.swaglab.login.Tc07@273e7444]" started-at="2024-07-01T12:00:53 IST" name="browserLaunch" finished-at="2024-07-01T12:00:54 IST" duration-ms="749" status="PASS">
          <reporter-output>
          </reporter-output>
        </test-method> <!-- browserLaunch -->
        <test-method signature="tc03()[pri:0, instance:com.swaglab.login.Tc07@273e7444]" started-at="2024-07-01T12:00:54 IST" name="tc03" description="The Username placeholder should be visible after the page redirection to the web application" finished-at="2024-07-01T12:00:54 IST" duration-ms="471" status="PASS">
          <reporter-output>
          </reporter-output>
        </test-method> <!-- tc03 -->
      </class> <!-- com.swaglab.login.Tc07 -->
      <class name="com.swaglab.login.Tc06">
        <test-method is-config="true" signature="browserLaunch()[pri:0, instance:com.swaglab.login.Tc06@7db12bb6]" started-at="2024-07-01T12:00:54 IST" name="browserLaunch" finished-at="2024-07-01T12:00:55 IST" duration-ms="723" status="PASS">
          <reporter-output>
          </reporter-output>
        </test-method> <!-- browserLaunch -->
        <test-method signature="tc03()[pri:0, instance:com.swaglab.login.Tc06@7db12bb6]" started-at="2024-07-01T12:00:55 IST" name="tc03" description="The Username placeholder should be visible after the page redirection to the web application" finished-at="2024-07-01T12:00:56 IST" duration-ms="516" status="PASS">
          <reporter-output>
          </reporter-output>
        </test-method> <!-- tc03 -->
      </class> <!-- com.swaglab.login.Tc06 -->
      <class name="com.swaglab.login.Tc05">
        <test-method is-config="true" signature="browserLaunch()[pri:0, instance:com.swaglab.login.Tc05@5d534f5d]" started-at="2024-07-01T12:01:07 IST" name="browserLaunch" finished-at="2024-07-01T12:01:08 IST" duration-ms="947" status="PASS">
          <reporter-output>
          </reporter-output>
        </test-method> <!-- browserLaunch -->
        <test-method signature="tc01()[pri:0, instance:com.swaglab.login.Tc05@5d534f5d]" started-at="2024-07-01T12:01:08 IST" name="tc01" description="The Username placeholder should be visible after the page redirection to the web application" finished-at="2024-07-01T12:01:08 IST" duration-ms="437" status="PASS">
          <reporter-output>
          </reporter-output>
        </test-method> <!-- tc01 -->
      </class> <!-- com.swaglab.login.Tc05 -->
      <class name="com.swaglab.login.Tc04">
        <test-method is-config="true" signature="browserLaunch()[pri:0, instance:com.swaglab.login.Tc04@2e3967ea]" started-at="2024-07-01T12:01:08 IST" name="browserLaunch" finished-at="2024-07-01T12:01:09 IST" duration-ms="732" status="PASS">
          <reporter-output>
          </reporter-output>
        </test-method> <!-- browserLaunch -->
        <test-method signature="tc01()[pri:0, instance:com.swaglab.login.Tc04@2e3967ea]" started-at="2024-07-01T12:01:09 IST" name="tc01" description="The Username placeholder should be visible after the page redirection to the web application" finished-at="2024-07-01T12:01:09 IST" duration-ms="420" status="PASS">
          <reporter-output>
          </reporter-output>
        </test-method> <!-- tc01 -->
      </class> <!-- com.swaglab.login.Tc04 -->
      <class name="com.swaglab.login.Tc03">
        <test-method is-config="true" signature="browserLaunch()[pri:0, instance:com.swaglab.login.Tc03@121314f7]" started-at="2024-07-01T12:01:01 IST" name="browserLaunch" finished-at="2024-07-01T12:01:02 IST" duration-ms="755" status="PASS">
          <reporter-output>
          </reporter-output>
        </test-method> <!-- browserLaunch -->
        <test-method signature="tc03()[pri:0, instance:com.swaglab.login.Tc03@121314f7]" started-at="2024-07-01T12:01:02 IST" name="tc03" finished-at="2024-07-01T12:01:02 IST" duration-ms="272" status="FAIL">
          <exception class="org.openqa.selenium.NoSuchElementException">
            <message>
              <![CDATA[no such element: Unable to locate element: {"method":"xpath","selector":"//button[contains(text(), 'ADD TO CART')]"}
  (Session info: chrome=123.0.6312.60)
For documentation on this error, please visit: https://www.selenium.dev/documentation/webdriver/troubleshooting/errors#no-such-element-exception
Build info: version: '4.18.1', revision: 'b1d3319b48'
System info: os.name: 'Windows 11', os.arch: 'amd64', os.version: '10.0', java.version: '17.0.10'
Driver info: org.openqa.selenium.chrome.ChromeDriver
Command: [bfb62699c370ce5cca7aa67a1772b077, findElement {using=xpath, value=//button[contains(text(), 'ADD TO CART')]}]
Capabilities {acceptInsecureCerts: false, browserName: chrome, browserVersion: 123.0.6312.60, chrome: {chromedriverVersion: 123.0.6312.122 (31f8248cdd9..., userDataDir: C:\Users\SARATH~1\AppData\L...}, fedcm:accounts: true, goog:chromeOptions: {debuggerAddress: localhost:53583}, networkConnectionEnabled: false, pageLoadStrategy: normal, platformName: windows, proxy: Proxy(), se:cdp: ws://localhost:53583/devtoo..., se:cdpVersion: 123.0.6312.60, setWindowRect: true, strictFileInteractability: false, timeouts: {implicit: 0, pageLoad: 300000, script: 30000}, unhandledPromptBehavior: dismiss and notify, webauthn:extension:credBlob: true, webauthn:extension:largeBlob: true, webauthn:extension:minPinLength: true, webauthn:extension:prf: true, webauthn:virtualAuthenticators: true}
Session ID: bfb62699c370ce5cca7aa67a1772b077]]>
            </message>
            <full-stacktrace>
              <![CDATA[org.openqa.selenium.NoSuchElementException: no such element: Unable to locate element: {"method":"xpath","selector":"//button[contains(text(), 'ADD TO CART')]"}
  (Session info: chrome=123.0.6312.60)
For documentation on this error, please visit: https://www.selenium.dev/documentation/webdriver/troubleshooting/errors#no-such-element-exception
Build info: version: '4.18.1', revision: 'b1d3319b48'
System info: os.name: 'Windows 11', os.arch: 'amd64', os.version: '10.0', java.version: '17.0.10'
Driver info: org.openqa.selenium.chrome.ChromeDriver
Command: [bfb62699c370ce5cca7aa67a1772b077, findElement {using=xpath, value=//button[contains(text(), 'ADD TO CART')]}]
Capabilities {acceptInsecureCerts: false, browserName: chrome, browserVersion: 123.0.6312.60, chrome: {chromedriverVersion: 123.0.6312.122 (31f8248cdd9..., userDataDir: C:\Users\SARATH~1\AppData\L...}, fedcm:accounts: true, goog:chromeOptions: {debuggerAddress: localhost:53583}, networkConnectionEnabled: false, pageLoadStrategy: normal, platformName: windows, proxy: Proxy(), se:cdp: ws://localhost:53583/devtoo..., se:cdpVersion: 123.0.6312.60, setWindowRect: true, strictFileInteractability: false, timeouts: {implicit: 0, pageLoad: 300000, script: 30000}, unhandledPromptBehavior: dismiss and notify, webauthn:extension:credBlob: true, webauthn:extension:largeBlob: true, webauthn:extension:minPinLength: true, webauthn:extension:prf: true, webauthn:virtualAuthenticators: true}
Session ID: bfb62699c370ce5cca7aa67a1772b077
at java.base/jdk.internal.reflect.NativeConstructorAccessorImpl.newInstance0(Native Method)
at java.base/jdk.internal.reflect.NativeConstructorAccessorImpl.newInstance(NativeConstructorAccessorImpl.java:77)
at java.base/jdk.internal.reflect.DelegatingConstructorAccessorImpl.newInstance(DelegatingConstructorAccessorImpl.java:45)
at java.base/java.lang.reflect.Constructor.newInstanceWithCaller(Constructor.java:499)
at java.base/java.lang.reflect.Constructor.newInstance(Constructor.java:480)
at org.openqa.selenium.remote.ErrorCodec.decode(ErrorCodec.java:167)
at org.openqa.selenium.remote.codec.w3c.W3CHttpResponseCodec.decode(W3CHttpResponseCodec.java:138)
at org.openqa.selenium.remote.codec.w3c.W3CHttpResponseCodec.decode(W3CHttpResponseCodec.java:50)
at org.openqa.selenium.remote.HttpCommandExecutor.execute(HttpCommandExecutor.java:190)
at org.openqa.selenium.remote.service.DriverCommandExecutor.invokeExecute(DriverCommandExecutor.java:216)
at org.openqa.selenium.remote.service.DriverCommandExecutor.execute(DriverCommandExecutor.java:174)
at org.openqa.selenium.remote.RemoteWebDriver.execute(RemoteWebDriver.java:519)
at org.openqa.selenium.remote.ElementLocation$ElementFinder$2.findElement(ElementLocation.java:165)
at org.openqa.selenium.remote.ElementLocation.findElement(ElementLocation.java:59)
at org.openqa.selenium.remote.RemoteWebDriver.findElement(RemoteWebDriver.java:356)
at org.openqa.selenium.remote.RemoteWebDriver.findElement(RemoteWebDriver.java:350)
at com.swaglab.login.Tc03.tc03(Tc03.java:26)
at java.base/jdk.internal.reflect.NativeMethodAccessorImpl.invoke0(Native Method)
at java.base/jdk.internal.reflect.NativeMethodAccessorImpl.invoke(NativeMethodAccessorImpl.java:77)
at java.base/jdk.internal.reflect.DelegatingMethodAccessorImpl.invoke(DelegatingMethodAccessorImpl.java:43)
at java.base/java.lang.reflect.Method.invoke(Method.java:568)
at org.testng.internal.MethodInvocationHelper.invokeMethod(MethodInvocationHelper.java:133)
at org.testng.internal.TestInvoker.invokeMethod(TestInvoker.java:598)
at org.testng.internal.TestInvoker.invokeTestMethod(TestInvoker.java:173)
at org.testng.internal.MethodRunner.runInSequence(MethodRunner.java:46)
at org.testng.internal.TestInvoker$MethodInvocationAgent.invoke(TestInvoker.java:824)
at org.testng.internal.TestInvoker.invokeTestMethods(TestInvoker.java:146)
at org.testng.internal.TestMethodWorker.invokeTestMethods(TestMethodWorker.java:146)
at org.testng.internal.TestMethodWorker.run(TestMethodWorker.java:128)
at java.base/java.util.ArrayList.forEach(ArrayList.java:1511)
at org.testng.TestRunner.privateRun(TestRunner.java:794)
at org.testng.TestRunner.run(TestRunner.java:596)
at org.testng.SuiteRunner.runTest(SuiteRunner.java:377)
at org.testng.SuiteRunner.runSequentially(SuiteRunner.java:371)
at org.testng.SuiteRunner.privateRun(SuiteRunner.java:332)
at org.testng.SuiteRunner.run(SuiteRunner.java:276)
at org.testng.SuiteRunnerWorker.runSuite(SuiteRunnerWorker.java:53)
at org.testng.SuiteRunnerWorker.run(SuiteRunnerWorker.java:96)
at org.testng.TestNG.runSuitesSequentially(TestNG.java:1212)
at org.testng.TestNG.runSuitesLocally(TestNG.java:1134)
at org.testng.TestNG.runSuites(TestNG.java:1063)
at org.testng.TestNG.run(TestNG.java:1031)
at org.testng.remote.AbstractRemoteTestNG.run(AbstractRemoteTestNG.java:115)
at org.testng.remote.RemoteTestNG.initAndRun(RemoteTestNG.java:293)
at org.testng.remote.RemoteTestNG.main(RemoteTestNG.java:91)
]]>
            </full-stacktrace>
          </exception> <!-- org.openqa.selenium.NoSuchElementException -->
          <reporter-output>
          </reporter-output>
        </test-method> <!-- tc03 -->
      </class> <!-- com.swaglab.login.Tc03 -->
      <class name="com.swaglab.login.Tc02">
        <test-method is-config="true" signature="browserLaunch()[pri:0, instance:com.swaglab.login.Tc02@5e600dd5]" started-at="2024-07-01T12:01:04 IST" name="browserLaunch" finished-at="2024-07-01T12:01:05 IST" duration-ms="858" status="PASS">
          <reporter-output>
          </reporter-output>
        </test-method> <!-- browserLaunch -->
        <test-method signature="tc01()[pri:0, instance:com.swaglab.login.Tc02@5e600dd5]" started-at="2024-07-01T12:01:05 IST" name="tc01" description="The page title should be correct" finished-at="2024-07-01T12:01:05 IST" duration-ms="237" status="PASS">
          <reporter-output>
          </reporter-output>
        </test-method> <!-- tc01 -->
      </class> <!-- com.swaglab.login.Tc02 -->
      <class name="com.swaglab.login.TC01">
        <test-method is-config="true" signature="browserLaunch()[pri:0, instance:com.swaglab.login.TC01@52b1beb6]" started-at="2024-07-01T12:00:52 IST" name="browserLaunch" finished-at="2024-07-01T12:00:53 IST" duration-ms="678" status="PASS">
          <reporter-output>
          </reporter-output>
        </test-method> <!-- browserLaunch -->
        <test-method signature="tc01()[pri:0, instance:com.swaglab.login.TC01@52b1beb6]" started-at="2024-07-01T12:00:53 IST" name="tc01" description="The user should able redirect to the swaglab web application" finished-at="2024-07-01T12:00:53 IST" duration-ms="161" status="PASS">
          <reporter-output>
          </reporter-output>
        </test-method> <!-- tc01 -->
      </class> <!-- com.swaglab.login.TC01 -->
      <class name="com.swaglab.login.Tc11">
        <test-method is-config="true" signature="browserLaunch()[pri:0, instance:com.swaglab.login.Tc11@53aac487]" started-at="2024-07-01T12:00:49 IST" name="browserLaunch" finished-at="2024-07-01T12:00:50 IST" duration-ms="747" status="PASS">
          <reporter-output>
          </reporter-output>
        </test-method> <!-- browserLaunch -->
        <test-method signature="tc03()[pri:0, instance:com.swaglab.login.Tc11@53aac487]" started-at="2024-07-01T12:00:50 IST" name="tc03" description="After user login than user able to logout the application" finished-at="2024-07-01T12:00:52 IST" duration-ms="2807" status="PASS">
          <reporter-output>
          </reporter-output>
        </test-method> <!-- tc03 -->
      </class> <!-- com.swaglab.login.Tc11 -->
      <class name="com.swaglab.login.Tc10">
        <test-method is-config="true" signature="browserLaunch()[pri:0, instance:com.swaglab.login.Tc10@e15b7e8]" started-at="2024-07-01T12:00:46 IST" name="browserLaunch" finished-at="2024-07-01T12:00:48 IST" duration-ms="2140" status="PASS">
          <reporter-output>
          </reporter-output>
        </test-method> <!-- browserLaunch -->
        <test-method signature="tc03()[pri:0, instance:com.swaglab.login.Tc10@e15b7e8]" started-at="2024-07-01T12:00:48 IST" name="tc03" description="The Username placeholder should be visible after the page redirection to the web application" finished-at="2024-07-01T12:00:49 IST" duration-ms="791" status="PASS">
          <reporter-output>
          </reporter-output>
        </test-method> <!-- tc03 -->
      </class> <!-- com.swaglab.login.Tc10 -->
    </test> <!-- Test -->
  </suite> <!-- Suite -->
</testng-results>
