<?xml version="1.0" encoding="UTF-8"?>
<testng-results ignored="0" total="1" passed="1" failed="0" skipped="0">
  <reporter-output>
  </reporter-output>
  <suite started-at="2024-07-08T14:38:37 IST" name="Default suite" finished-at="2024-07-08T14:38:40 IST" duration-ms="2423">
    <groups>
    </groups>
    <test started-at="2024-07-08T14:38:37 IST" name="Default test" finished-at="2024-07-08T14:38:40 IST" duration-ms="2423">
      <class name="com.swaglab.Productpage.Tc08">
        <test-method is-config="true" signature="browserLaunch()[pri:0, instance:com.swaglab.Productpage.Tc08@543588e6]" started-at="2024-07-08T14:38:37 IST" name="browserLaunch" finished-at="2024-07-08T14:38:39 IST" duration-ms="1709" status="PASS">
          <reporter-output>
          </reporter-output>
        </test-method> <!-- browserLaunch -->
        <test-method signature="tc03()[pri:0, instance:com.swaglab.Productpage.Tc08@543588e6]" started-at="2024-07-08T14:38:39 IST" name="tc03" description="All the products  should have the addtocart button " finished-at="2024-07-08T14:38:40 IST" duration-ms="685" status="PASS">
          <reporter-output>
          </reporter-output>
        </test-method> <!-- tc03 -->
      </class> <!-- com.swaglab.Productpage.Tc08 -->
    </test> <!-- Default test -->
  </suite> <!-- Default suite -->
</testng-results>
