<?xml version="1.0" encoding="UTF-8"?>
<!-- Generated by org.testng.reporters.JUnitXMLReporter -->
<testsuite ignored="0" hostname="R3NRCX06F77113E" failures="1" tests="3" name="Test" time="4.321" errors="0" timestamp="2024-06-21T12:37:41 IST">
  <testcase classname="com.swaglab.login.TC01" name="tc01" time="0.187"/>
  <testcase classname="com.swaglab.login.Tc03" name="tc03" time="1.11"/>
  <testcase classname="com.swaglab.login.Tc02" name="tc01" time="0.186">
    <failure type="java.lang.AssertionError" message="did not expect [Swag Labs] but found [Swag Labs]">
      <![CDATA[java.lang.AssertionError: did not expect [Swag Labs] but found [Swag Labs]
at com.swaglab.login.Tc02.tc01(Tc02.java:24)
at java.base/java.util.ArrayList.forEach(ArrayList.java:1511)
... Removed 32 stack frames]]>
    </failure>
  </testcase> <!-- tc01 -->
</testsuite> <!-- Test -->
